{
  "stats": {
    "suites": 1,
    "tests": 1,
    "passes": 1,
    "pending": 0,
    "failures": 0,
    "start": "2021-11-28T15:42:31.885Z",
    "end": "2021-11-28T15:42:35.411Z",
    "duration": 3526,
    "testsRegistered": 1,
    "passPercent": 100,
    "pendingPercent": 0,
    "other": 0,
    "hasOther": false,
    "skipped": 0,
    "hasSkipped": false
  },
  "results": [
    {
      "uuid": "b6afc820-be33-4660-90bc-d9a3a738e0b2",
      "title": "",
      "fullFile": "",
      "file": "",
      "beforeHooks": [],
      "afterHooks": [],
      "tests": [],
      "suites": [
        {
          "uuid": "bc13f876-d7cf-4e0b-8605-150a063a73ca",
          "title": "Tests",
          "fullFile": "D:\\TPKS\\Thesis\\test\\tests.js",
          "file": "\\test\\tests.js",
          "beforeHooks": [],
          "afterHooks": [],
          "tests": [
            {
              "title": "first test",
              "fullTitle": "Tests first test",
              "timedOut": null,
              "duration": 3277,
              "state": "passed",
              "speed": "slow",
              "pass": true,
              "fail": false,
              "pending": false,
              "context": null,
              "code": "const driver = await new Builder().forBrowser('chrome').build();\nawait driver.get('https://www.wikipedia.org/');\nawait driver.findElement(By.id('searchInput')).sendKeys('The USA', Key.RETURN);\nawait driver.quit();",
              "err": {},
              "uuid": "a1a80d14-eabe-4291-a7b2-55ae05b2828d",
              "parentUUID": null,
              "isHook": false,
              "skipped": false
            }
          ],
          "suites": [],
          "passes": [
            "a1a80d14-eabe-4291-a7b2-55ae05b2828d"
          ],
          "failures": [],
          "pending": [],
          "skipped": [],
          "duration": 3277,
          "root": false,
          "rootEmpty": false,
          "_timeout": null
        }
      ],
      "passes": [],
      "failures": [],
      "pending": [],
      "skipped": [],
      "duration": 0,
      "root": true,
      "rootEmpty": true,
      "_timeout": 0
    }
  ],
  "meta": {
    "mocha": {
      "version": "9.1.3"
    },
    "mochawesome": {
      "options": {
        "quiet": false,
        "reportFilename": "testReport",
        "saveHtml": true,
        "saveJson": true,
        "consoleReporter": "spec",
        "useInlineDiffs": false,
        "code": true
      },
      "version": "7.0.1"
    },
    "marge": {
      "options": {
        "reportDir": "testReport",
        "reportFilename": "testReport"
      },
      "version": "6.0.1"
    }
  }
}